0 info it worked if it ends with ok
1 verbose cli [ 'C:\\Program Files\\nodejs\\node.exe',
1 verbose cli   'C:\\Users\\Administrator\\AppData\\Roaming\\npm\\node_modules\\npm\\bin\\npm-cli.js',
1 verbose cli   'start' ]
2 info using npm@4.0.5
3 info using node@v4.5.0
4 verbose run-script [ 'prestart', 'start', 'poststart' ]
5 info lifecycle yo-react-flux@0.0.1~prestart: yo-react-flux@0.0.1
6 silly lifecycle yo-react-flux@0.0.1~prestart: no script for prestart, continuing
7 info lifecycle yo-react-flux@0.0.1~start: yo-react-flux@0.0.1
8 verbose lifecycle yo-react-flux@0.0.1~start: unsafe-perm in lifecycle true
9 verbose lifecycle yo-react-flux@0.0.1~start: PATH: C:\Users\Administrator\AppData\Roaming\npm\node_modules\npm\bin\node-gyp-bin;C:\Users\Administrator\Desktop\smartBBS\node_modules\.bin;C:\ProgramData\Oracle\Java\javapath;C:\Windows\system32;C:\Windows;C:\Windows\System32\Wbem;C:\Windows\System32\WindowsPowerShell\v1.0\;C:\Program Files\nodejs\;C:\Program Files\MongoDB\Server\3.2\bin;D:\SVN\sever\bin;D:\SVN\TortoiseSVN\bin;D:\Git\cmd;D:\Git\bin;C:\Program Files (x86)\Yarn\bin;C:\Users\Administrator\AppData\Roaming\npm;%JAVA_HOME\bin%;C:\Users\Administrator\AppData\Local\Android\sdk\platform-tools;C:\Soft\Python;C:\Users\Administrator\AppData\Local\Yarn\.bin
10 verbose lifecycle yo-react-flux@0.0.1~start: CWD: C:\Users\Administrator\Desktop\smartBBS
11 silly lifecycle yo-react-flux@0.0.1~start: Args: [ '/d /s /c', 'node webpack.dev.server.js' ]
12 silly lifecycle yo-react-flux@0.0.1~start: Returned: code: 1  signal: null
13 info lifecycle yo-react-flux@0.0.1~start: Failed to exec start script
14 verbose stack Error: yo-react-flux@0.0.1 start: `node webpack.dev.server.js`
14 verbose stack Exit status 1
14 verbose stack     at EventEmitter.<anonymous> (C:\Users\Administrator\AppData\Roaming\npm\node_modules\npm\lib\utils\lifecycle.js:279:16)
14 verbose stack     at emitTwo (events.js:87:13)
14 verbose stack     at EventEmitter.emit (events.js:172:7)
14 verbose stack     at ChildProcess.<anonymous> (C:\Users\Administrator\AppData\Roaming\npm\node_modules\npm\lib\utils\spawn.js:40:14)
14 verbose stack     at emitTwo (events.js:87:13)
14 verbose stack     at ChildProcess.emit (events.js:172:7)
14 verbose stack     at maybeClose (internal/child_process.js:829:16)
14 verbose stack     at Process.ChildProcess._handle.onexit (internal/child_process.js:211:5)
15 verbose pkgid yo-react-flux@0.0.1
16 verbose cwd C:\Users\Administrator\Desktop\smartBBS
17 error Windows_NT 6.1.7601
18 error argv "C:\\Program Files\\nodejs\\node.exe" "C:\\Users\\Administrator\\AppData\\Roaming\\npm\\node_modules\\npm\\bin\\npm-cli.js" "start"
19 error node v4.5.0
20 error npm  v4.0.5
21 error code ELIFECYCLE
22 error yo-react-flux@0.0.1 start: `node webpack.dev.server.js`
22 error Exit status 1
23 error Failed at the yo-react-flux@0.0.1 start script 'node webpack.dev.server.js'.
23 error Make sure you have the latest version of node.js and npm installed.
23 error If you do, this is most likely a problem with the yo-react-flux package,
23 error not with npm itself.
23 error Tell the author that this fails on your system:
23 error     node webpack.dev.server.js
23 error You can get information on how to open an issue for this project with:
23 error     npm bugs yo-react-flux
23 error Or if that isn't available, you can get their info via:
23 error     npm owner ls yo-react-flux
23 error There is likely additional logging output above.
24 verbose exit [ 1, true ]
